2023-09-26 22:20:06 [restartedMain] INFO  c.j.s.l.a.SpringBootLoggingApplication -
				Starting SpringBootLoggingApplication on jenil with PID 19280 (C:\Users\jrnilpatel\Downloads\spring-boot-logging-master\spring-boot-logging-master\target\classes started by jrnilpatel in C:\Users\jrnilpatel\Downloads\spring-boot-logging-master\spring-boot-logging-master)
2023-09-26 22:20:06 [restartedMain] DEBUG c.j.s.l.a.SpringBootLoggingApplication -
				Running with Spring Boot v1.5.12.RELEASE, Spring v4.3.16.RELEASE
2023-09-26 22:20:06 [restartedMain] INFO  c.j.s.l.a.SpringBootLoggingApplication -
				No active profile set, falling back to default profiles: default
2023-09-26 22:20:07 [restartedMain] INFO  c.j.s.l.a.SpringBootLoggingApplication -
				Started SpringBootLoggingApplication in 2.064 seconds (JVM running for 3.071)
2023-09-26 22:34:27 [restartedMain] INFO  c.j.s.l.a.SpringBootLoggingApplication -
				Starting SpringBootLoggingApplication on jenil with PID 19280 (C:\Users\jrnilpatel\Downloads\spring-boot-logging-master\spring-boot-logging-master\target\classes started by jrnilpatel in C:\Users\jrnilpatel\Downloads\spring-boot-logging-master\spring-boot-logging-master)
2023-09-26 22:34:27 [restartedMain] DEBUG c.j.s.l.a.SpringBootLoggingApplication -
				Running with Spring Boot v1.5.12.RELEASE, Spring v4.3.16.RELEASE
2023-09-26 22:34:27 [restartedMain] INFO  c.j.s.l.a.SpringBootLoggingApplication -
				No active profile set, falling back to default profiles: default
2023-09-26 22:34:28 [restartedMain] INFO  c.j.s.l.a.SpringBootLoggingApplication -
				Started SpringBootLoggingApplication in 0.429 seconds (JVM running for 863.237)
2023-09-26 22:34:40 [restartedMain] INFO  c.j.s.l.a.SpringBootLoggingApplication -
				Starting SpringBootLoggingApplication on jenil with PID 19280 (C:\Users\jrnilpatel\Downloads\spring-boot-logging-master\spring-boot-logging-master\target\classes started by jrnilpatel in C:\Users\jrnilpatel\Downloads\spring-boot-logging-master\spring-boot-logging-master)
2023-09-26 22:34:40 [restartedMain] DEBUG c.j.s.l.a.SpringBootLoggingApplication -
				Running with Spring Boot v1.5.12.RELEASE, Spring v4.3.16.RELEASE
2023-09-26 22:34:40 [restartedMain] INFO  c.j.s.l.a.SpringBootLoggingApplication -
				No active profile set, falling back to default profiles: default
2023-09-26 22:34:40 [restartedMain] INFO  c.j.s.l.a.SpringBootLoggingApplication -
				Started SpringBootLoggingApplication in 0.426 seconds (JVM running for 875.643)
2023-09-26 22:34:48 [restartedMain] INFO  c.j.s.l.a.SpringBootLoggingApplication -
				Starting SpringBootLoggingApplication on jenil with PID 19280 (C:\Users\jrnilpatel\Downloads\spring-boot-logging-master\spring-boot-logging-master\target\classes started by jrnilpatel in C:\Users\jrnilpatel\Downloads\spring-boot-logging-master\spring-boot-logging-master)
2023-09-26 22:34:48 [restartedMain] DEBUG c.j.s.l.a.SpringBootLoggingApplication -
				Running with Spring Boot v1.5.12.RELEASE, Spring v4.3.16.RELEASE
2023-09-26 22:34:48 [restartedMain] INFO  c.j.s.l.a.SpringBootLoggingApplication -
				No active profile set, falling back to default profiles: default
2023-09-26 22:34:48 [restartedMain] INFO  c.j.s.l.a.SpringBootLoggingApplication -
				Started SpringBootLoggingApplication in 0.363 seconds (JVM running for 883.85)
2023-09-26 22:54:42 [restartedMain] INFO  c.j.s.l.a.SpringBootLoggingApplication -
				Starting SpringBootLoggingApplication on jenil with PID 19280 (C:\Users\jrnilpatel\Downloads\spring-boot-logging-master\spring-boot-logging-master\target\classes started by jrnilpatel in C:\Users\jrnilpatel\Downloads\spring-boot-logging-master\spring-boot-logging-master)
2023-09-26 22:54:42 [restartedMain] DEBUG c.j.s.l.a.SpringBootLoggingApplication -
				Running with Spring Boot v1.5.12.RELEASE, Spring v4.3.16.RELEASE
2023-09-26 22:54:42 [restartedMain] INFO  c.j.s.l.a.SpringBootLoggingApplication -
				No active profile set, falling back to default profiles: default
2023-09-26 22:54:43 [restartedMain] INFO  c.j.s.l.a.SpringBootLoggingApplication -
				Started SpringBootLoggingApplication in 0.362 seconds (JVM running for 2078.159)
2023-09-26 22:55:10 [restartedMain] INFO  c.j.s.l.a.SpringBootLoggingApplication -
				Starting SpringBootLoggingApplication on jenil with PID 19280 (C:\Users\jrnilpatel\Downloads\spring-boot-logging-master\spring-boot-logging-master\target\classes started by jrnilpatel in C:\Users\jrnilpatel\Downloads\spring-boot-logging-master\spring-boot-logging-master)
2023-09-26 22:55:10 [restartedMain] DEBUG c.j.s.l.a.SpringBootLoggingApplication -
				Running with Spring Boot v1.5.12.RELEASE, Spring v4.3.16.RELEASE
2023-09-26 22:55:10 [restartedMain] INFO  c.j.s.l.a.SpringBootLoggingApplication -
				No active profile set, falling back to default profiles: default
2023-09-26 22:55:10 [restartedMain] INFO  c.j.s.l.a.SpringBootLoggingApplication -
				Started SpringBootLoggingApplication in 0.327 seconds (JVM running for 2105.834)
2023-09-26 22:55:14 [restartedMain] INFO  c.j.s.l.a.SpringBootLoggingApplication -
				Starting SpringBootLoggingApplication on jenil with PID 19280 (C:\Users\jrnilpatel\Downloads\spring-boot-logging-master\spring-boot-logging-master\target\classes started by jrnilpatel in C:\Users\jrnilpatel\Downloads\spring-boot-logging-master\spring-boot-logging-master)
2023-09-26 22:55:14 [restartedMain] DEBUG c.j.s.l.a.SpringBootLoggingApplication -
				Running with Spring Boot v1.5.12.RELEASE, Spring v4.3.16.RELEASE
2023-09-26 22:55:14 [restartedMain] INFO  c.j.s.l.a.SpringBootLoggingApplication -
				No active profile set, falling back to default profiles: default
2023-09-26 22:55:14 [restartedMain] INFO  c.j.s.l.a.SpringBootLoggingApplication -
				Started SpringBootLoggingApplication in 0.348 seconds (JVM running for 2109.958)
2023-09-26 22:55:22 [restartedMain] INFO  c.j.s.l.a.SpringBootLoggingApplication -
				Starting SpringBootLoggingApplication on jenil with PID 19280 (C:\Users\jrnilpatel\Downloads\spring-boot-logging-master\spring-boot-logging-master\target\classes started by jrnilpatel in C:\Users\jrnilpatel\Downloads\spring-boot-logging-master\spring-boot-logging-master)
2023-09-26 22:55:22 [restartedMain] DEBUG c.j.s.l.a.SpringBootLoggingApplication -
				Running with Spring Boot v1.5.12.RELEASE, Spring v4.3.16.RELEASE
2023-09-26 22:55:22 [restartedMain] INFO  c.j.s.l.a.SpringBootLoggingApplication -
				No active profile set, falling back to default profiles: default
2023-09-26 22:55:22 [restartedMain] INFO  c.j.s.l.a.SpringBootLoggingApplication -
				Started SpringBootLoggingApplication in 0.324 seconds (JVM running for 2118.083)
2023-09-26 23:07:08 [restartedMain] INFO  c.j.s.l.a.SpringBootLoggingApplication -
				Starting SpringBootLoggingApplication on jenil with PID 19280 (C:\Users\jrnilpatel\Downloads\spring-boot-logging-master\spring-boot-logging-master\target\classes started by jrnilpatel in C:\Users\jrnilpatel\Downloads\spring-boot-logging-master\spring-boot-logging-master)
2023-09-26 23:07:08 [restartedMain] DEBUG c.j.s.l.a.SpringBootLoggingApplication -
				Running with Spring Boot v1.5.12.RELEASE, Spring v4.3.16.RELEASE
2023-09-26 23:07:08 [restartedMain] INFO  c.j.s.l.a.SpringBootLoggingApplication -
				No active profile set, falling back to default profiles: default
2023-09-26 23:07:08 [restartedMain] INFO  c.j.s.l.a.SpringBootLoggingApplication -
				Started SpringBootLoggingApplication in 0.349 seconds (JVM running for 2823.957)
2023-09-26 23:07:26 [restartedMain] INFO  c.j.s.l.a.SpringBootLoggingApplication -
				Starting SpringBootLoggingApplication on jenil with PID 19280 (C:\Users\jrnilpatel\Downloads\spring-boot-logging-master\spring-boot-logging-master\target\classes started by jrnilpatel in C:\Users\jrnilpatel\Downloads\spring-boot-logging-master\spring-boot-logging-master)
2023-09-26 23:07:26 [restartedMain] DEBUG c.j.s.l.a.SpringBootLoggingApplication -
				Running with Spring Boot v1.5.12.RELEASE, Spring v4.3.16.RELEASE
2023-09-26 23:07:26 [restartedMain] INFO  c.j.s.l.a.SpringBootLoggingApplication -
				No active profile set, falling back to default profiles: default
2023-09-26 23:07:27 [restartedMain] INFO  c.j.s.l.a.SpringBootLoggingApplication -
				Started SpringBootLoggingApplication in 0.307 seconds (JVM running for 2842.33)
2023-09-26 23:14:08 [restartedMain] INFO  c.j.s.l.a.SpringBootLoggingApplication -
				Starting SpringBootLoggingApplication on jenil with PID 19280 (C:\Users\jrnilpatel\Downloads\spring-boot-logging-master\spring-boot-logging-master\target\classes started by jrnilpatel in C:\Users\jrnilpatel\Downloads\spring-boot-logging-master\spring-boot-logging-master)
2023-09-26 23:14:08 [restartedMain] DEBUG c.j.s.l.a.SpringBootLoggingApplication -
				Running with Spring Boot v1.5.12.RELEASE, Spring v4.3.16.RELEASE
2023-09-26 23:14:08 [restartedMain] INFO  c.j.s.l.a.SpringBootLoggingApplication -
				No active profile set, falling back to default profiles: default
2023-09-26 23:14:08 [restartedMain] INFO  c.j.s.l.a.SpringBootLoggingApplication -
				Started SpringBootLoggingApplication in 0.346 seconds (JVM running for 3243.549)
