2023-09-27 22:40:00 [restartedMain] INFO  c.j.s.l.a.SpringBootLoggingApplication -
				Started SpringBootLoggingApplication in 1.034 seconds (JVM running for 1518.51)
2023-09-27 22:44:40 [restartedMain] INFO  c.j.s.l.a.SpringBootLoggingApplication -
				Starting SpringBootLoggingApplication on jenil with PID 13464 (C:\Users\jrnilpatel\Downloads\spring-boot-logging-master\spring-boot-logging-master\target\classes started by jrnilpatel in C:\Users\jrnilpatel\Downloads\spring-boot-logging-master\spring-boot-logging-master)
2023-09-27 22:44:40 [restartedMain] DEBUG c.j.s.l.a.SpringBootLoggingApplication -
				Running with Spring Boot v1.5.12.RELEASE, Spring v4.3.16.RELEASE
2023-09-27 22:44:40 [restartedMain] INFO  c.j.s.l.a.SpringBootLoggingApplication -
				No active profile set, falling back to default profiles: default
2023-09-27 22:44:41 [restartedMain] INFO  c.j.s.l.a.SpringBootLoggingApplication -
				Started SpringBootLoggingApplication in 0.836 seconds (JVM running for 1799.059)
2023-09-27 22:44:56 [restartedMain] INFO  c.j.s.l.a.SpringBootLoggingApplication -
				Starting SpringBootLoggingApplication on jenil with PID 13464 (C:\Users\jrnilpatel\Downloads\spring-boot-logging-master\spring-boot-logging-master\target\classes started by jrnilpatel in C:\Users\jrnilpatel\Downloads\spring-boot-logging-master\spring-boot-logging-master)
2023-09-27 22:44:56 [restartedMain] DEBUG c.j.s.l.a.SpringBootLoggingApplication -
				Running with Spring Boot v1.5.12.RELEASE, Spring v4.3.16.RELEASE
2023-09-27 22:44:56 [restartedMain] INFO  c.j.s.l.a.SpringBootLoggingApplication -
				No active profile set, falling back to default profiles: default
2023-09-27 22:44:57 [restartedMain] INFO  c.j.s.l.a.SpringBootLoggingApplication -
				Started SpringBootLoggingApplication in 0.687 seconds (JVM running for 1814.872)
2023-09-27 22:45:06 [restartedMain] INFO  c.j.s.l.a.SpringBootLoggingApplication -
				Starting SpringBootLoggingApplication on jenil with PID 13464 (C:\Users\jrnilpatel\Downloads\spring-boot-logging-master\spring-boot-logging-master\target\classes started by jrnilpatel in C:\Users\jrnilpatel\Downloads\spring-boot-logging-master\spring-boot-logging-master)
2023-09-27 22:45:06 [restartedMain] DEBUG c.j.s.l.a.SpringBootLoggingApplication -
				Running with Spring Boot v1.5.12.RELEASE, Spring v4.3.16.RELEASE
2023-09-27 22:45:06 [restartedMain] INFO  c.j.s.l.a.SpringBootLoggingApplication -
				No active profile set, falling back to default profiles: default
2023-09-27 22:45:07 [restartedMain] INFO  c.j.s.l.a.SpringBootLoggingApplication -
				Started SpringBootLoggingApplication in 0.71 seconds (JVM running for 1824.918)
2023-09-27 22:45:17 [restartedMain] INFO  c.j.s.l.a.SpringBootLoggingApplication -
				Starting SpringBootLoggingApplication on jenil with PID 13464 (C:\Users\jrnilpatel\Downloads\spring-boot-logging-master\spring-boot-logging-master\target\classes started by jrnilpatel in C:\Users\jrnilpatel\Downloads\spring-boot-logging-master\spring-boot-logging-master)
2023-09-27 22:45:17 [restartedMain] DEBUG c.j.s.l.a.SpringBootLoggingApplication -
				Running with Spring Boot v1.5.12.RELEASE, Spring v4.3.16.RELEASE
2023-09-27 22:45:17 [restartedMain] INFO  c.j.s.l.a.SpringBootLoggingApplication -
				No active profile set, falling back to default profiles: default
