2023-10-02 23:04:06 [restartedMain] INFO  c.j.s.l.a.SpringBootLoggingApplication -
				Started SpringBootLoggingApplication in 4.278 seconds (JVM running for 5.357)
2023-10-02 23:04:25 [restartedMain] INFO  c.j.s.l.a.SpringBootLoggingApplication -
				Starting SpringBootLoggingApplication on jenil with PID 1416 (C:\Users\jrnilpatel\Downloads\spring-boot-logging-master\spring-boot-logging-master\target\classes started by jrnilpatel in C:\Users\jrnilpatel\Downloads\spring-boot-logging-master\spring-boot-logging-master)
2023-10-02 23:04:25 [restartedMain] DEBUG c.j.s.l.a.SpringBootLoggingApplication -
				Running with Spring Boot v1.5.12.RELEASE, Spring v4.3.16.RELEASE
2023-10-02 23:04:25 [restartedMain] INFO  c.j.s.l.a.SpringBootLoggingApplication -
				No active profile set, falling back to default profiles: default
2023-10-02 23:05:39 [restartedMain] INFO  c.j.s.l.a.SpringBootLoggingApplication -
				Starting SpringBootLoggingApplication on jenil with PID 1416 (C:\Users\jrnilpatel\Downloads\spring-boot-logging-master\spring-boot-logging-master\target\classes started by jrnilpatel in C:\Users\jrnilpatel\Downloads\spring-boot-logging-master\spring-boot-logging-master)
2023-10-02 23:05:39 [restartedMain] DEBUG c.j.s.l.a.SpringBootLoggingApplication -
				Running with Spring Boot v1.5.12.RELEASE, Spring v4.3.16.RELEASE
2023-10-02 23:05:39 [restartedMain] INFO  c.j.s.l.a.SpringBootLoggingApplication -
				No active profile set, falling back to default profiles: default
2023-10-02 23:06:04 [restartedMain] INFO  c.j.s.l.a.SpringBootLoggingApplication -
				Starting SpringBootLoggingApplication on jenil with PID 1416 (C:\Users\jrnilpatel\Downloads\spring-boot-logging-master\spring-boot-logging-master\target\classes started by jrnilpatel in C:\Users\jrnilpatel\Downloads\spring-boot-logging-master\spring-boot-logging-master)
2023-10-02 23:06:04 [restartedMain] DEBUG c.j.s.l.a.SpringBootLoggingApplication -
				Running with Spring Boot v1.5.12.RELEASE, Spring v4.3.16.RELEASE
2023-10-02 23:06:04 [restartedMain] INFO  c.j.s.l.a.SpringBootLoggingApplication -
				No active profile set, falling back to default profiles: default
2023-10-02 23:06:34 [restartedMain] INFO  c.j.s.l.a.SpringBootLoggingApplication -
				Starting SpringBootLoggingApplication on jenil with PID 1416 (C:\Users\jrnilpatel\Downloads\spring-boot-logging-master\spring-boot-logging-master\target\classes started by jrnilpatel in C:\Users\jrnilpatel\Downloads\spring-boot-logging-master\spring-boot-logging-master)
2023-10-02 23:06:34 [restartedMain] DEBUG c.j.s.l.a.SpringBootLoggingApplication -
				Running with Spring Boot v1.5.12.RELEASE, Spring v4.3.16.RELEASE
2023-10-02 23:06:34 [restartedMain] INFO  c.j.s.l.a.SpringBootLoggingApplication -
				No active profile set, falling back to default profiles: default
2023-10-02 23:06:48 [restartedMain] INFO  c.j.s.l.a.SpringBootLoggingApplication -
				Starting SpringBootLoggingApplication on jenil with PID 1416 (C:\Users\jrnilpatel\Downloads\spring-boot-logging-master\spring-boot-logging-master\target\classes started by jrnilpatel in C:\Users\jrnilpatel\Downloads\spring-boot-logging-master\spring-boot-logging-master)
2023-10-02 23:06:48 [restartedMain] DEBUG c.j.s.l.a.SpringBootLoggingApplication -
				Running with Spring Boot v1.5.12.RELEASE, Spring v4.3.16.RELEASE
2023-10-02 23:06:48 [restartedMain] INFO  c.j.s.l.a.SpringBootLoggingApplication -
				No active profile set, falling back to default profiles: default
2023-10-02 23:07:50 [restartedMain] INFO  c.j.s.l.a.SpringBootLoggingApplication -
				Starting SpringBootLoggingApplication on jenil with PID 1416 (C:\Users\jrnilpatel\Downloads\spring-boot-logging-master\spring-boot-logging-master\target\classes started by jrnilpatel in C:\Users\jrnilpatel\Downloads\spring-boot-logging-master\spring-boot-logging-master)
2023-10-02 23:07:50 [restartedMain] DEBUG c.j.s.l.a.SpringBootLoggingApplication -
				Running with Spring Boot v1.5.12.RELEASE, Spring v4.3.16.RELEASE
2023-10-02 23:07:50 [restartedMain] INFO  c.j.s.l.a.SpringBootLoggingApplication -
				No active profile set, falling back to default profiles: default
2023-10-02 23:08:19 [restartedMain] INFO  c.j.s.l.a.SpringBootLoggingApplication -
				Starting SpringBootLoggingApplication on jenil with PID 1416 (C:\Users\jrnilpatel\Downloads\spring-boot-logging-master\spring-boot-logging-master\target\classes started by jrnilpatel in C:\Users\jrnilpatel\Downloads\spring-boot-logging-master\spring-boot-logging-master)
2023-10-02 23:08:19 [restartedMain] DEBUG c.j.s.l.a.SpringBootLoggingApplication -
				Running with Spring Boot v1.5.12.RELEASE, Spring v4.3.16.RELEASE
2023-10-02 23:08:19 [restartedMain] INFO  c.j.s.l.a.SpringBootLoggingApplication -
				No active profile set, falling back to default profiles: default
2023-10-02 23:20:41 [restartedMain] INFO  c.j.s.l.a.SpringBootLoggingApplication -
				Starting SpringBootLoggingApplication on jenil with PID 15628 (C:\Users\jrnilpatel\Downloads\spring-boot-logging-master\spring-boot-logging-master\target\classes started by jrnilpatel in C:\Users\jrnilpatel\Downloads\spring-boot-logging-master\spring-boot-logging-master)
2023-10-02 23:20:41 [restartedMain] DEBUG c.j.s.l.a.SpringBootLoggingApplication -
				Running with Spring Boot v1.5.12.RELEASE, Spring v4.3.16.RELEASE
2023-10-02 23:20:41 [restartedMain] INFO  c.j.s.l.a.SpringBootLoggingApplication -
				No active profile set, falling back to default profiles: default
2023-10-02 23:24:36 [restartedMain] INFO  c.j.s.l.a.SpringBootLoggingApplication -
				Starting SpringBootLoggingApplication on jenil with PID 7012 (C:\Users\jrnilpatel\Downloads\spring-boot-logging-master\spring-boot-logging-master\target\classes started by jrnilpatel in C:\Users\jrnilpatel\Downloads\spring-boot-logging-master\spring-boot-logging-master)
2023-10-02 23:24:36 [restartedMain] DEBUG c.j.s.l.a.SpringBootLoggingApplication -
				Running with Spring Boot v1.5.12.RELEASE, Spring v4.3.16.RELEASE
2023-10-02 23:24:36 [restartedMain] INFO  c.j.s.l.a.SpringBootLoggingApplication -
				No active profile set, falling back to default profiles: default
2023-10-02 23:25:37 [restartedMain] INFO  c.j.s.l.a.SpringBootLoggingApplication -
				Starting SpringBootLoggingApplication on jenil with PID 12280 (C:\Users\jrnilpatel\Downloads\spring-boot-logging-master\spring-boot-logging-master\target\classes started by jrnilpatel in C:\Users\jrnilpatel\Downloads\spring-boot-logging-master\spring-boot-logging-master)
2023-10-02 23:25:37 [restartedMain] DEBUG c.j.s.l.a.SpringBootLoggingApplication -
				Running with Spring Boot v1.5.12.RELEASE, Spring v4.3.16.RELEASE
2023-10-02 23:25:37 [restartedMain] INFO  c.j.s.l.a.SpringBootLoggingApplication -
				No active profile set, falling back to default profiles: default
2023-10-02 23:26:25 [restartedMain] INFO  c.j.s.l.a.SpringBootLoggingApplication -
				Starting SpringBootLoggingApplication on jenil with PID 16852 (C:\Users\jrnilpatel\Downloads\spring-boot-logging-master\spring-boot-logging-master\target\classes started by jrnilpatel in C:\Users\jrnilpatel\Downloads\spring-boot-logging-master\spring-boot-logging-master)
2023-10-02 23:26:25 [restartedMain] DEBUG c.j.s.l.a.SpringBootLoggingApplication -
				Running with Spring Boot v1.5.12.RELEASE, Spring v4.3.16.RELEASE
2023-10-02 23:26:25 [restartedMain] INFO  c.j.s.l.a.SpringBootLoggingApplication -
				No active profile set, falling back to default profiles: default
2023-10-02 23:35:09 [restartedMain] INFO  c.j.s.l.a.SpringBootLoggingApplication -
				Starting SpringBootLoggingApplication on jenil with PID 3436 (C:\Users\jrnilpatel\Downloads\spring-boot-logging-master\spring-boot-logging-master\target\classes started by jrnilpatel in C:\Users\jrnilpatel\Downloads\spring-boot-logging-master\spring-boot-logging-master)
2023-10-02 23:35:09 [restartedMain] DEBUG c.j.s.l.a.SpringBootLoggingApplication -
				Running with Spring Boot v1.5.12.RELEASE, Spring v4.3.16.RELEASE
2023-10-02 23:35:09 [restartedMain] INFO  c.j.s.l.a.SpringBootLoggingApplication -
				No active profile set, falling back to default profiles: default
2023-10-02 23:36:08 [restartedMain] INFO  c.j.s.l.a.SpringBootLoggingApplication -
				Starting SpringBootLoggingApplication on jenil with PID 5948 (C:\Users\jrnilpatel\Downloads\spring-boot-logging-master\spring-boot-logging-master\target\classes started by jrnilpatel in C:\Users\jrnilpatel\Downloads\spring-boot-logging-master\spring-boot-logging-master)
2023-10-02 23:36:08 [restartedMain] DEBUG c.j.s.l.a.SpringBootLoggingApplication -
				Running with Spring Boot v1.5.12.RELEASE, Spring v4.3.16.RELEASE
2023-10-02 23:36:08 [restartedMain] INFO  c.j.s.l.a.SpringBootLoggingApplication -
				No active profile set, falling back to default profiles: default
