2023-09-23 16:21:54 [http-nio-8080-exec-9] DEBUG c.j.s.l.a.SpringBootLoggingApplication -
				Response Hi virat Welcome to Java Techie
2023-09-23 16:21:55 [http-nio-8080-exec-10] DEBUG c.j.s.l.a.SpringBootLoggingApplication -
				Request virat
2023-09-23 16:21:55 [http-nio-8080-exec-10] DEBUG c.j.s.l.a.SpringBootLoggingApplication -
				Response Hi virat Welcome to Java Techie
2023-09-23 16:22:39 [http-nio-8080-exec-1] DEBUG c.j.s.l.a.SpringBootLoggingApplication -
				Request jaddu
2023-09-23 16:22:39 [http-nio-8080-exec-1] DEBUG c.j.s.l.a.SpringBootLoggingApplication -
				Response Hi jaddu Welcome to Java Techie
2023-09-23 16:22:40 [http-nio-8080-exec-2] DEBUG c.j.s.l.a.SpringBootLoggingApplication -
				Request jaddu
2023-09-23 16:22:40 [http-nio-8080-exec-2] DEBUG c.j.s.l.a.SpringBootLoggingApplication -
				Response Hi jaddu Welcome to Java Techie
2023-09-23 16:22:40 [http-nio-8080-exec-3] DEBUG c.j.s.l.a.SpringBootLoggingApplication -
				Request jaddu
2023-09-23 16:22:40 [http-nio-8080-exec-3] DEBUG c.j.s.l.a.SpringBootLoggingApplication -
				Response Hi jaddu Welcome to Java Techie
2023-09-23 16:22:41 [http-nio-8080-exec-4] DEBUG c.j.s.l.a.SpringBootLoggingApplication -
				Request jaddu
2023-09-23 16:22:41 [http-nio-8080-exec-4] DEBUG c.j.s.l.a.SpringBootLoggingApplication -
				Response Hi jaddu Welcome to Java Techie
2023-09-23 16:22:41 [http-nio-8080-exec-5] DEBUG c.j.s.l.a.SpringBootLoggingApplication -
				Request jaddu
2023-09-23 16:22:41 [http-nio-8080-exec-5] DEBUG c.j.s.l.a.SpringBootLoggingApplication -
				Response Hi jaddu Welcome to Java Techie
2023-09-23 16:22:42 [http-nio-8080-exec-6] DEBUG c.j.s.l.a.SpringBootLoggingApplication -
				Request jaddu
2023-09-23 16:22:42 [http-nio-8080-exec-6] DEBUG c.j.s.l.a.SpringBootLoggingApplication -
				Response Hi jaddu Welcome to Java Techie
2023-09-23 16:22:43 [http-nio-8080-exec-7] DEBUG c.j.s.l.a.SpringBootLoggingApplication -
				Request jaddu
2023-09-23 16:22:43 [http-nio-8080-exec-7] DEBUG c.j.s.l.a.SpringBootLoggingApplication -
				Response Hi jaddu Welcome to Java Techie
2023-09-23 16:22:43 [http-nio-8080-exec-8] DEBUG c.j.s.l.a.SpringBootLoggingApplication -
				Request jaddu
2023-09-23 16:22:43 [http-nio-8080-exec-8] DEBUG c.j.s.l.a.SpringBootLoggingApplication -
				Response Hi jaddu Welcome to Java Techie
2023-09-23 16:22:44 [http-nio-8080-exec-9] DEBUG c.j.s.l.a.SpringBootLoggingApplication -
				Request jaddu
2023-09-23 16:22:44 [http-nio-8080-exec-9] DEBUG c.j.s.l.a.SpringBootLoggingApplication -
				Response Hi jaddu Welcome to Java Techie
2023-09-23 16:22:45 [http-nio-8080-exec-10] DEBUG c.j.s.l.a.SpringBootLoggingApplication -
				Request jaddu
2023-09-23 16:22:45 [http-nio-8080-exec-10] DEBUG c.j.s.l.a.SpringBootLoggingApplication -
				Response Hi jaddu Welcome to Java Techie
2023-09-23 16:22:45 [http-nio-8080-exec-1] DEBUG c.j.s.l.a.SpringBootLoggingApplication -
				Request jaddu
2023-09-23 16:22:45 [http-nio-8080-exec-1] DEBUG c.j.s.l.a.SpringBootLoggingApplication -
				Response Hi jaddu Welcome to Java Techie
