2023-09-27 21:52:59 [restartedMain] INFO  c.j.s.l.a.SpringBootLoggingApplication -
				Started SpringBootLoggingApplication in 2.146 seconds (JVM running for 84773.733)
2023-09-27 21:53:37 [restartedMain] INFO  c.j.s.l.a.SpringBootLoggingApplication -
				Starting SpringBootLoggingApplication on jenil with PID 19280 (C:\Users\jrnilpatel\Downloads\spring-boot-logging-master\spring-boot-logging-master\target\classes started by jrnilpatel in C:\Users\jrnilpatel\Downloads\spring-boot-logging-master\spring-boot-logging-master)
2023-09-27 21:53:37 [restartedMain] DEBUG c.j.s.l.a.SpringBootLoggingApplication -
				Running with Spring Boot v1.5.12.RELEASE, Spring v4.3.16.RELEASE
2023-09-27 21:53:37 [restartedMain] INFO  c.j.s.l.a.SpringBootLoggingApplication -
				No active profile set, falling back to default profiles: default
2023-09-27 21:53:39 [restartedMain] INFO  c.j.s.l.a.SpringBootLoggingApplication -
				Started SpringBootLoggingApplication in 2.676 seconds (JVM running for 84814.143)
2023-09-27 21:54:18 [restartedMain] INFO  c.j.s.l.a.SpringBootLoggingApplication -
				Starting SpringBootLoggingApplication on jenil with PID 19280 (C:\Users\jrnilpatel\Downloads\spring-boot-logging-master\spring-boot-logging-master\target\classes started by jrnilpatel in C:\Users\jrnilpatel\Downloads\spring-boot-logging-master\spring-boot-logging-master)
2023-09-27 21:54:18 [restartedMain] DEBUG c.j.s.l.a.SpringBootLoggingApplication -
				Running with Spring Boot v1.5.12.RELEASE, Spring v4.3.16.RELEASE
2023-09-27 21:54:18 [restartedMain] INFO  c.j.s.l.a.SpringBootLoggingApplication -
				No active profile set, falling back to default profiles: default
2023-09-27 21:54:19 [restartedMain] INFO  c.j.s.l.a.SpringBootLoggingApplication -
				Started SpringBootLoggingApplication in 1.123 seconds (JVM running for 84853.789)
2023-09-27 21:54:44 [restartedMain] INFO  c.j.s.l.a.SpringBootLoggingApplication -
				Starting SpringBootLoggingApplication on jenil with PID 19280 (C:\Users\jrnilpatel\Downloads\spring-boot-logging-master\spring-boot-logging-master\target\classes started by jrnilpatel in C:\Users\jrnilpatel\Downloads\spring-boot-logging-master\spring-boot-logging-master)
2023-09-27 21:54:44 [restartedMain] DEBUG c.j.s.l.a.SpringBootLoggingApplication -
				Running with Spring Boot v1.5.12.RELEASE, Spring v4.3.16.RELEASE
2023-09-27 21:54:44 [restartedMain] INFO  c.j.s.l.a.SpringBootLoggingApplication -
				No active profile set, falling back to default profiles: default
2023-09-27 21:54:44 [restartedMain] INFO  c.j.s.l.a.SpringBootLoggingApplication -
				Started SpringBootLoggingApplication in 0.673 seconds (JVM running for 84878.909)
2023-09-27 21:54:49 [restartedMain] INFO  c.j.s.l.a.SpringBootLoggingApplication -
				Starting SpringBootLoggingApplication on jenil with PID 19280 (C:\Users\jrnilpatel\Downloads\spring-boot-logging-master\spring-boot-logging-master\target\classes started by jrnilpatel in C:\Users\jrnilpatel\Downloads\spring-boot-logging-master\spring-boot-logging-master)
2023-09-27 21:54:49 [restartedMain] DEBUG c.j.s.l.a.SpringBootLoggingApplication -
				Running with Spring Boot v1.5.12.RELEASE, Spring v4.3.16.RELEASE
2023-09-27 21:54:49 [restartedMain] INFO  c.j.s.l.a.SpringBootLoggingApplication -
				No active profile set, falling back to default profiles: default
2023-09-27 21:54:50 [restartedMain] INFO  c.j.s.l.a.SpringBootLoggingApplication -
				Started SpringBootLoggingApplication in 0.73 seconds (JVM running for 84884.658)
2023-09-27 21:55:05 [restartedMain] INFO  c.j.s.l.a.SpringBootLoggingApplication -
				Starting SpringBootLoggingApplication on jenil with PID 19280 (C:\Users\jrnilpatel\Downloads\spring-boot-logging-master\spring-boot-logging-master\target\classes started by jrnilpatel in C:\Users\jrnilpatel\Downloads\spring-boot-logging-master\spring-boot-logging-master)
2023-09-27 21:55:05 [restartedMain] DEBUG c.j.s.l.a.SpringBootLoggingApplication -
				Running with Spring Boot v1.5.12.RELEASE, Spring v4.3.16.RELEASE
2023-09-27 21:55:05 [restartedMain] INFO  c.j.s.l.a.SpringBootLoggingApplication -
				No active profile set, falling back to default profiles: default
2023-09-27 21:55:06 [restartedMain] INFO  c.j.s.l.a.SpringBootLoggingApplication -
				Started SpringBootLoggingApplication in 0.666 seconds (JVM running for 84900.433)
2023-09-27 21:56:42 [restartedMain] INFO  c.j.s.l.a.SpringBootLoggingApplication -
				Starting SpringBootLoggingApplication on jenil with PID 19280 (C:\Users\jrnilpatel\Downloads\spring-boot-logging-master\spring-boot-logging-master\target\classes started by jrnilpatel in C:\Users\jrnilpatel\Downloads\spring-boot-logging-master\spring-boot-logging-master)
2023-09-27 21:56:42 [restartedMain] DEBUG c.j.s.l.a.SpringBootLoggingApplication -
				Running with Spring Boot v1.5.12.RELEASE, Spring v4.3.16.RELEASE
2023-09-27 21:56:42 [restartedMain] INFO  c.j.s.l.a.SpringBootLoggingApplication -
				No active profile set, falling back to default profiles: default
2023-09-27 21:56:43 [restartedMain] INFO  c.j.s.l.a.SpringBootLoggingApplication -
				Started SpringBootLoggingApplication in 0.79 seconds (JVM running for 84997.476)
2023-09-27 22:12:37 [restartedMain] INFO  c.j.s.l.a.SpringBootLoggingApplication -
				Starting SpringBootLoggingApplication on jenil with PID 19280 (C:\Users\jrnilpatel\Downloads\spring-boot-logging-master\spring-boot-logging-master\target\classes started by jrnilpatel in C:\Users\jrnilpatel\Downloads\spring-boot-logging-master\spring-boot-logging-master)
2023-09-27 22:12:37 [restartedMain] DEBUG c.j.s.l.a.SpringBootLoggingApplication -
				Running with Spring Boot v1.5.12.RELEASE, Spring v4.3.16.RELEASE
2023-09-27 22:12:37 [restartedMain] INFO  c.j.s.l.a.SpringBootLoggingApplication -
				No active profile set, falling back to default profiles: default
2023-09-27 22:12:41 [restartedMain] INFO  c.j.s.l.a.SpringBootLoggingApplication -
				Starting SpringBootLoggingApplication on jenil with PID 19280 (C:\Users\jrnilpatel\Downloads\spring-boot-logging-master\spring-boot-logging-master\target\classes started by jrnilpatel in C:\Users\jrnilpatel\Downloads\spring-boot-logging-master\spring-boot-logging-master)
2023-09-27 22:12:41 [restartedMain] DEBUG c.j.s.l.a.SpringBootLoggingApplication -
				Running with Spring Boot v1.5.12.RELEASE, Spring v4.3.16.RELEASE
2023-09-27 22:12:41 [restartedMain] INFO  c.j.s.l.a.SpringBootLoggingApplication -
				No active profile set, falling back to default profiles: default
2023-09-27 22:12:42 [restartedMain] INFO  c.j.s.l.a.SpringBootLoggingApplication -
				Started SpringBootLoggingApplication in 0.631 seconds (JVM running for 85956.622)
2023-09-27 22:14:44 [restartedMain] INFO  c.j.s.l.a.SpringBootLoggingApplication -
				Starting SpringBootLoggingApplication on jenil with PID 13464 (C:\Users\jrnilpatel\Downloads\spring-boot-logging-master\spring-boot-logging-master\target\classes started by jrnilpatel in C:\Users\jrnilpatel\Downloads\spring-boot-logging-master\spring-boot-logging-master)
2023-09-27 22:14:44 [restartedMain] DEBUG c.j.s.l.a.SpringBootLoggingApplication -
				Running with Spring Boot v1.5.12.RELEASE, Spring v4.3.16.RELEASE
2023-09-27 22:14:44 [restartedMain] INFO  c.j.s.l.a.SpringBootLoggingApplication -
				No active profile set, falling back to default profiles: default
